NetworkXML/app/build/intermediates/manifest_merge_blame_file/debug/manifest-merger-blame-debug-report.txt
1<?xml version="1.0" encoding="utf-8"?>
2<manifest xmlns:android="http://schemas.android.com/apk/res/android"
3    package="course.examples.networking.androidhttpclientxml"
4    android:versionCode="1"
5    android:versionName="1.0" >
6
7    <uses-sdk
8        android:minSdkVersion="23"
8-->src\main\AndroidManifest.xml
9        android:targetSdkVersion="29" />
9-->src\main\AndroidManifest.xml
10
11    <uses-permission android:name="android.permission.INTERNET" >
11-->src\main\AndroidManifest.xml:8:5-9:23
11-->src\main\AndroidManifest.xml:8:22-64
12    </uses-permission>
13
14    <application
14-->src\main\AndroidManifest.xml:11:5-30:19
15        android:allowBackup="false"
15-->src\main\AndroidManifest.xml:12:9-36
16        android:debuggable="true"
17        android:extractNativeLibs="false"
18        android:icon="@drawable/ic_launcher"
18-->src\main\AndroidManifest.xml:13:9-45
19        android:label="@string/app_name"
19-->src\main\AndroidManifest.xml:14:9-41
20        android:testOnly="true"
21        android:usesCleartextTraffic="true" >
21-->src\main\AndroidManifest.xml:15:9-44
22        <activity
22-->src\main\AndroidManifest.xml:17:9-20:20
23            android:name="course.examples.networking.xml.NetworkingXMLActivity"
23-->src\main\AndroidManifest.xml:18:13-80
24            android:label="@string/app_name" >
24-->src\main\AndroidManifest.xml:19:13-45
25        </activity>
26        <activity
26-->src\main\AndroidManifest.xml:21:9-29:20
27            android:name="course.examples.networking.xml.MainActivity"
27-->src\main\AndroidManifest.xml:22:13-71
28            android:label="@string/app_name" >
28-->src\main\AndroidManifest.xml:23:13-45
29            <intent-filter>
29-->src\main\AndroidManifest.xml:24:13-28:29
30                <action android:name="android.intent.action.MAIN" />
30-->src\main\AndroidManifest.xml:25:17-69
30-->src\main\AndroidManifest.xml:25:25-66
31
32                <category android:name="android.intent.category.LAUNCHER" />
32-->src\main\AndroidManifest.xml:27:17-77
32-->src\main\AndroidManifest.xml:27:27-74
33            </intent-filter>
34        </activity>
35    </application>
36
37</manifest>